
[2K[1G[1myarn run v1.22.19[22m
[2K[1G[33mwarning[39m package.json: No license field
[2K[1G[2m$ tsup[22m
[34mCLI[39m Building entry: src/index.ts
[34mCLI[39m Using tsconfig: ../../tsconfig.json
[34mCLI[39m tsup v8.2.3
[34mCLI[39m Using tsup config: /Users/tomek/repos/mina-js/packages/providers/tsup.config.ts
[34mCLI[39m Target: esnext
[34mCLI[39m Cleaning output folder
[34mESM[39m Build start
[34mCJS[39m Build start
[32mCJS[39m [1mdist/index.cjs     [22m[32m3.67 KB[39m
[32mCJS[39m [1mdist/index.cjs.map [22m[32m3.75 KB[39m
[32mCJS[39m ⚡️ Build success in 8ms
[32mESM[39m [1mdist/index.js     [22m[32m1.70 KB[39m
[32mESM[39m [1mdist/index.js.map [22m[32m3.58 KB[39m
[32mESM[39m ⚡️ Build success in 8ms
[34mDTS[39m Build start
[32mDTS[39m ⚡️ Build success in 849ms
[32mDTS[39m [1mdist/index.d.ts  [22m[32m12.34 KB[39m
[32mDTS[39m [1mdist/index.d.cts [22m[32m12.34 KB[39m
[2K[1G✨  Done in 1.64s.
